# JRE version: OpenJDK Runtime Environment (21.0.10) (build 21.0.10+-14961533-b1163.108)
# Java VM: OpenJDK 64-Bit Server VM (21.0.10+-14961533-b1163.108, mixed mode, tiered, compressed oops, compressed class ptrs, g1 gc, windows-amd64)
GC Precious Log:
 CardTable entry size: 512
 Card Set container configuration: InlinePtr #cards 4 size 8 Array Of Cards #cards 32 size 80 Howl #buckets 8 coarsen threshold 7372 Howl Bitmap #cards 1024 size 144 coarsen threshold 921 Card regions per heap region 1 cards per card region 8192
 CPUs: 12 total, 12 available
 Memory: 32685M
 Large Page Support: Disabled
 NUMA Support: Disabled
 Compressed Oops: Enabled (Zero based)
 Heap Region Size: 4M
 Heap Min Capacity: 8M
 Heap Initial Capacity: 512M
 Heap Max Capacity: 8G
 Pre-touch: Disabled
 Parallel Workers: 10
 Concurrent Workers: 3
 Concurrent Refinement Workers: 10
 Periodic GC: Disabled
Heap:
 garbage-first heap   total 233472K, used 131455K [0x0000000600000000, 0x0000000800000000)
  region size 4096K, 6 young (24576K), 2 survivors (8192K)
 Metaspace       used 140804K, committed 142784K, reserved 1179648K
  class space    used 18310K, committed 19264K, reserved 1048576K
GC Heap History (20 events):
Event: 16.426 GC heap before
{Heap before GC invocations=21 (full 0):
 garbage-first heap   total 204800K, used 165827K [0x0000000600000000, 0x0000000800000000)
  region size 4096K, 22 young (90112K), 3 survivors (12288K)
 Metaspace       used 120512K, committed 122176K, reserved 1179648K
  class space    used 15335K, committed 16128K, reserved 1048576K
}
Event: 16.432 GC heap after
{Heap after GC invocations=22 (full 0):
 garbage-first heap   total 204800K, used 92815K [0x0000000600000000, 0x0000000800000000)
  region size 4096K, 2 young (8192K), 2 survivors (8192K)
 Metaspace       used 120512K, committed 122176K, reserved 1179648K
  class space    used 15335K, committed 16128K, reserved 1048576K
}
Event: 17.545 GC heap before
{Heap before GC invocations=23 (full 0):
 garbage-first heap   total 204800K, used 170639K [0x0000000600000000, 0x0000000800000000)
  region size 4096K, 21 young (86016K), 2 survivors (8192K)
 Metaspace       used 124111K, committed 125824K, reserved 1179648K
  class space    used 16000K, committed 16832K, reserved 1048576K
}
Event: 17.554 GC heap after
{Heap after GC invocations=24 (full 0):
 garbage-first heap   total 204800K, used 107174K [0x0000000600000000, 0x0000000800000000)
  region size 4096K, 3 young (12288K), 3 survivors (12288K)
 Metaspace       used 124111K, committed 125824K, reserved 1179648K
  class space    used 16000K, committed 16832K, reserved 1048576K
}
Event: 17.841 GC heap before
{Heap before GC invocations=24 (full 0):
 garbage-first heap   total 204800K, used 168614K [0x0000000600000000, 0x0000000800000000)
  region size 4096K, 18 young (73728K), 3 survivors (12288K)
 Metaspace       used 124310K, committed 126080K, reserved 1179648K
  class space    used 16000K, committed 16832K, reserved 1048576K
}
Event: 17.853 GC heap after
{Heap after GC invocations=25 (full 0):
 garbage-first heap   total 208896K, used 127253K [0x0000000600000000, 0x0000000800000000)
  region size 4096K, 3 young (12288K), 3 survivors (12288K)
 Metaspace       used 124310K, committed 126080K, reserved 1179648K
  class space    used 16000K, committed 16832K, reserved 1048576K
}
Event: 18.924 GC heap before
{Heap before GC invocations=25 (full 0):
 garbage-first heap   total 208896K, used 172309K [0x0000000600000000, 0x0000000800000000)
  region size 4096K, 14 young (57344K), 3 survivors (12288K)
 Metaspace       used 125882K, committed 127680K, reserved 1179648K
  class space    used 16174K, committed 17024K, reserved 1048576K
}
Event: 18.933 GC heap after
{Heap after GC invocations=26 (full 0):
 garbage-first heap   total 208896K, used 139264K [0x0000000600000000, 0x0000000800000000)
  region size 4096K, 2 young (8192K), 2 survivors (8192K)
 Metaspace       used 125882K, committed 127680K, reserved 1179648K
  class space    used 16174K, committed 17024K, reserved 1048576K
}
Event: 19.493 GC heap before
{Heap before GC invocations=27 (full 0):
 garbage-first heap   total 221184K, used 167936K [0x0000000600000000, 0x0000000800000000)
  region size 4096K, 11 young (45056K), 2 survivors (8192K)
 Metaspace       used 129093K, committed 130880K, reserved 1179648K
  class space    used 16622K, committed 17472K, reserved 1048576K
}
Event: 19.498 GC heap after
{Heap after GC invocations=28 (full 0):
 garbage-first heap   total 221184K, used 135079K [0x0000000600000000, 0x0000000800000000)
  region size 4096K, 1 young (4096K), 1 survivors (4096K)
 Metaspace       used 129093K, committed 130880K, reserved 1179648K
  class space    used 16622K, committed 17472K, reserved 1048576K
}
Event: 19.627 GC heap before
{Heap before GC invocations=28 (full 0):
 garbage-first heap   total 221184K, used 184231K [0x0000000600000000, 0x0000000800000000)
  region size 4096K, 13 young (53248K), 1 survivors (4096K)
 Metaspace       used 129211K, committed 130944K, reserved 1179648K
  class space    used 16627K, committed 17472K, reserved 1048576K
}
Event: 19.637 GC heap after
{Heap after GC invocations=29 (full 0):
 garbage-first heap   total 221184K, used 133435K [0x0000000600000000, 0x0000000800000000)
  region size 4096K, 2 young (8192K), 2 survivors (8192K)
 Metaspace       used 129211K, committed 130944K, reserved 1179648K
  class space    used 16627K, committed 17472K, reserved 1048576K
}
Event: 19.879 GC heap before
{Heap before GC invocations=29 (full 0):
 garbage-first heap   total 221184K, used 178491K [0x0000000600000000, 0x0000000800000000)
  region size 4096K, 13 young (53248K), 2 survivors (8192K)
 Metaspace       used 129397K, committed 131136K, reserved 1179648K
  class space    used 16639K, committed 17472K, reserved 1048576K
}
Event: 19.893 GC heap after
{Heap after GC invocations=30 (full 0):
 garbage-first heap   total 221184K, used 142280K [0x0000000600000000, 0x0000000800000000)
  region size 4096K, 2 young (8192K), 2 survivors (8192K)
 Metaspace       used 129397K, committed 131136K, reserved 1179648K
  class space    used 16639K, committed 17472K, reserved 1048576K
}
Event: 20.890 GC heap before
{Heap before GC invocations=30 (full 0):
 garbage-first heap   total 221184K, used 183240K [0x0000000600000000, 0x0000000800000000)
  region size 4096K, 12 young (49152K), 2 survivors (8192K)
 Metaspace       used 131691K, committed 133440K, reserved 1179648K
  class space    used 16891K, committed 17728K, reserved 1048576K
}
Event: 20.896 GC heap after
{Heap after GC invocations=31 (full 0):
 garbage-first heap   total 221184K, used 151990K [0x0000000600000000, 0x0000000800000000)
  region size 4096K, 2 young (8192K), 2 survivors (8192K)
 Metaspace       used 131691K, committed 133440K, reserved 1179648K
  class space    used 16891K, committed 17728K, reserved 1048576K
}
Event: 22.061 GC heap before
{Heap before GC invocations=32 (full 0):
 garbage-first heap   total 233472K, used 168374K [0x0000000600000000, 0x0000000800000000)
  region size 4096K, 11 young (45056K), 2 survivors (8192K)
 Metaspace       used 136077K, committed 137984K, reserved 1179648K
  class space    used 17538K, committed 18432K, reserved 1048576K
}
Event: 22.067 GC heap after
{Heap after GC invocations=33 (full 0):
 garbage-first heap   total 233472K, used 138030K [0x0000000600000000, 0x0000000800000000)
  region size 4096K, 1 young (4096K), 1 survivors (4096K)
 Metaspace       used 136077K, committed 137984K, reserved 1179648K
  class space    used 17538K, committed 18432K, reserved 1048576K
}
Event: 23.569 GC heap before
{Heap before GC invocations=33 (full 0):
 garbage-first heap   total 233472K, used 187182K [0x0000000600000000, 0x0000000800000000)
  region size 4096K, 14 young (57344K), 1 survivors (4096K)
 Metaspace       used 140068K, committed 142016K, reserved 1179648K
  class space    used 18191K, committed 19136K, reserved 1048576K
}
Event: 23.574 GC heap after
{Heap after GC invocations=34 (full 0):
 garbage-first heap   total 233472K, used 119167K [0x0000000600000000, 0x0000000800000000)
  region size 4096K, 2 young (8192K), 2 survivors (8192K)
 Metaspace       used 140068K, committed 142016K, reserved 1179648K
  class space    used 18191K, committed 19136K, reserved 1048576K
}

